<?xml version="1.0" encoding="UTF-8"?>
<!-- Generated by org.testng.reporters.JUnitXMLReporter -->
<testsuite ignored="0" hostname="LIT004950" failures="0" tests="3" name="Default test" time="22.466" errors="0" timestamp="2022-04-04T21:02:57 CEST">
  <testcase classname="Amazon.appium.AppTest" name="homePage_searchbar" time="4.962"/>
  <testcase classname="Amazon.appium.AppTest" name="homePage_ToolBar" time="2.966"/>
  <testcase classname="Amazon.appium.AppTest" name="homePage_ActionBar" time="1.66"/>
</testsuite> <!-- Default test -->
