<?xml version="1.0" encoding="UTF-8"?>
<!-- Generated by org.testng.reporters.JUnitXMLReporter -->
<testsuite ignored="0" hostname="LIT004950" failures="0" tests="3" name="Test" time="21.288" errors="0" timestamp="2022-04-03T21:31:51 CEST">
  <testcase classname="Amazon.appium.SmoketestHomePage" name="homePage_searchbar" time="4.99"/>
  <testcase classname="Amazon.appium.SmoketestHomePage" name="homePage_ToolBar" time="2.035"/>
  <testcase classname="Amazon.appium.SmoketestHomePage" name="homePage_ActionBar" time="2.69"/>
</testsuite> <!-- Test -->
