<?xml version="1.0" encoding="UTF-8"?>
<!-- Generated by org.testng.reporters.JUnitXMLReporter -->
<testsuite ignored="0" hostname="LIT004950" failures="0" tests="6" name="Test" time="49.856" errors="0" timestamp="2022-04-09T13:10:16 CEST">
  <testcase classname="Amazon.appium.SmoketestHomePage" name="homePage_searchbar" time="5.655"/>
  <testcase classname="Amazon.appium.SmoketestHomePage" name="homePage_ToolBar" time="1.843"/>
  <testcase classname="Amazon.appium.SmoketestHomePage" name="homePage_ActionBar" time="0.972"/>
  <testcase classname="Amazon.appium.testcases.TC1" name="homePage_searchbar" time="4.559"/>
  <testcase classname="Amazon.appium.testcases.TC1" name="homePage_ToolBar" time="1.749"/>
  <testcase classname="Amazon.appium.testcases.TC1" name="homePage_ActionBar" time="1.007"/>
</testsuite> <!-- Test -->
